<?xml version="1.0" encoding="UTF-8"?>
<!-- Generated by org.testng.reporters.JUnitReportReporter -->
<testsuite skipped="0" hostname="amritp-w8" name="SeleniumTraning.NewTest" tests="1" failures="0" timestamp="17 Dec 2019 09:05:14 GMT" time="0.013" errors="0">
  <testcase name="test" time="0.013" classname="SeleniumTraning.NewTest"/>
</testsuite> <!-- SeleniumTraning.NewTest -->
